[0.000][INFO]:      ChromeDriver 26.0.1383.0 /usr/local/bin/chromedriver
[0.668][FINE]:      Initializing session with capabilities {
   "browserName": "chrome",
   "chrome.switches": [  ],
   "chromeOptions": {
      "args": [  ],
      "extensions": [  ]
   },
   "platform": "ANY",
   "version": ""
}

[0.668][INFO]:      Launching chrome: /Applications/Google Chrome.app/Contents/MacOS/Google Chrome --disable-hang-monitor --disable-prompt-on-repost --dom-automation --full-memory-crash-report --no-default-browser-check --no-first-run --disable-background-networking --disable-sync --disable-translate --disable-web-resources --safebrowsing-disable-auto-update --safebrowsing-disable-download-protection --disable-client-side-phishing-detection --disable-component-update --disable-default-apps --enable-logging --log-level=1 --use-mock-keychain --ignore-certificate-errors about:blank
[1.193][INFO]:      Connected to Chrome successfully. Version: 26.0.1410.65
[1.223][FINE]:      Command received (/session/040750582e0fa7115fdf92c10e3c1ecc)
[1.223][FINE]:      Command finished (/session/040750582e0fa7115fdf92c10e3c1ecc) with response {
   "sessionId": "040750582e0fa7115fdf92c10e3c1ecc",
   "status": 0,
   "value": {
      "acceptSslCerts": false,
      "applicationCacheEnabled": false,
      "browserConnectionEnabled": false,
      "browserName": "chrome",
      "chrome.chromedriverVersion": "26.0.1383.0",
      "cssSelectorsEnabled": true,
      "databaseEnabled": false,
      "handlesAlerts": true,
      "javascriptEnabled": true,
      "locationContextEnabled": false,
      "nativeEvents": true,
      "platform": "mac",
      "rotatable": false,
      "takesScreenshot": true,
      "version": "26.0.1410.65",
      "webStorageEnabled": true
   }
}

[1.252][FINE]:      Command received (/session/040750582e0fa7115fdf92c10e3c1ecc/url) with params {
   "url": "http://localhost:8080/sample/house/new"
}

[1.252][FINER]:     Waiting for all views to stop loading...
[1.276][FINER]:     Done waiting for all views to stop loading
[2.475][FINER]:     Waiting for all views to stop loading...
[2.477][FINER]:     Done waiting for all views to stop loading
[2.477][FINE]:      Command finished (/session/040750582e0fa7115fdf92c10e3c1ecc/url) with response {
   "sessionId": "040750582e0fa7115fdf92c10e3c1ecc",
   "status": 0,
   "value": {

   }
}

[2.484][FINE]:      Command received (/session/040750582e0fa7115fdf92c10e3c1ecc/element) with params {
   "using": "name",
   "value": "house.name"
}

[2.484][FINER]:     Waiting for all views to stop loading...
[2.485][FINER]:     Done waiting for all views to stop loading
[2.505][FINER]:     Waiting for all views to stop loading...
[2.505][FINER]:     Done waiting for all views to stop loading
[2.505][FINE]:      Command finished (/session/040750582e0fa7115fdf92c10e3c1ecc/element) with response {
   "sessionId": "040750582e0fa7115fdf92c10e3c1ecc",
   "status": 0,
   "value": {
      "ELEMENT": ":wdc:1368027813575"
   }
}

[2.510][FINE]:      Command received (/session/040750582e0fa7115fdf92c10e3c1ecc/element) with params {
   "using": "name",
   "value": "house.door.height"
}

[2.510][FINER]:     Waiting for all views to stop loading...
[2.510][FINER]:     Done waiting for all views to stop loading
[2.525][FINER]:     Waiting for all views to stop loading...
[2.525][FINER]:     Done waiting for all views to stop loading
[2.525][FINE]:      Command finished (/session/040750582e0fa7115fdf92c10e3c1ecc/element) with response {
   "sessionId": "040750582e0fa7115fdf92c10e3c1ecc",
   "status": 0,
   "value": {
      "ELEMENT": ":wdc:1368027813576"
   }
}

[2.527][FINE]:      Command received (/session/040750582e0fa7115fdf92c10e3c1ecc/element) with params {
   "using": "name",
   "value": "house.door.width"
}

[2.527][FINER]:     Waiting for all views to stop loading...
[2.527][FINER]:     Done waiting for all views to stop loading
[2.541][FINER]:     Waiting for all views to stop loading...
[2.542][FINER]:     Done waiting for all views to stop loading
[2.542][FINE]:      Command finished (/session/040750582e0fa7115fdf92c10e3c1ecc/element) with response {
   "sessionId": "040750582e0fa7115fdf92c10e3c1ecc",
   "status": 0,
   "value": {
      "ELEMENT": ":wdc:1368027813577"
   }
}

[2.545][FINE]:      Command received (/session/040750582e0fa7115fdf92c10e3c1ecc/element/:wdc:1368027813575/value) with params {
   "id": ":wdc:1368027813575",
   "value": [ "Doudou" ]
}

[2.545][FINER]:     Waiting for all views to stop loading...
[2.546][FINER]:     Done waiting for all views to stop loading
[2.709][FINER]:     Waiting for all views to stop loading...
[2.709][FINER]:     Done waiting for all views to stop loading
[2.709][FINE]:      Command finished (/session/040750582e0fa7115fdf92c10e3c1ecc/element/:wdc:1368027813575/value) with response {
   "sessionId": "040750582e0fa7115fdf92c10e3c1ecc",
   "status": 0,
   "value": {

   }
}

[2.711][FINE]:      Command received (/session/040750582e0fa7115fdf92c10e3c1ecc/element/:wdc:1368027813576/value) with params {
   "id": ":wdc:1368027813576",
   "value": [ "2" ]
}

[2.711][FINER]:     Waiting for all views to stop loading...
[2.711][FINER]:     Done waiting for all views to stop loading
[2.768][FINER]:     Waiting for all views to stop loading...
[2.768][FINER]:     Done waiting for all views to stop loading
[2.768][FINE]:      Command finished (/session/040750582e0fa7115fdf92c10e3c1ecc/element/:wdc:1368027813576/value) with response {
   "sessionId": "040750582e0fa7115fdf92c10e3c1ecc",
   "status": 0,
   "value": {

   }
}

[2.770][FINE]:      Command received (/session/040750582e0fa7115fdf92c10e3c1ecc/element/:wdc:1368027813577/value) with params {
   "id": ":wdc:1368027813577",
   "value": [ "1" ]
}

[2.770][FINER]:     Waiting for all views to stop loading...
[2.771][FINER]:     Done waiting for all views to stop loading
[2.822][FINER]:     Waiting for all views to stop loading...
[2.822][FINER]:     Done waiting for all views to stop loading
[2.822][FINE]:      Command finished (/session/040750582e0fa7115fdf92c10e3c1ecc/element/:wdc:1368027813577/value) with response {
   "sessionId": "040750582e0fa7115fdf92c10e3c1ecc",
   "status": 0,
   "value": {

   }
}

[2.825][FINE]:      Command received (/session/040750582e0fa7115fdf92c10e3c1ecc/element/:wdc:1368027813575/submit) with params {
   "id": ":wdc:1368027813575"
}

[2.825][FINER]:     Waiting for all views to stop loading...
[2.825][FINER]:     Done waiting for all views to stop loading
[2.846][FINER]:     Waiting for all views to stop loading...
[3.005][FINER]:     Done waiting for all views to stop loading
[3.005][FINE]:      Command finished (/session/040750582e0fa7115fdf92c10e3c1ecc/element/:wdc:1368027813575/submit) with response {
   "sessionId": "040750582e0fa7115fdf92c10e3c1ecc",
   "status": 0,
   "value": null
}

[3.009][FINE]:      Command received (/session/040750582e0fa7115fdf92c10e3c1ecc/element) with params {
   "using": "tag name",
   "value": "body"
}

[3.009][FINER]:     Waiting for all views to stop loading...
[3.010][FINER]:     Done waiting for all views to stop loading
[3.037][FINER]:     Waiting for all views to stop loading...
[3.037][FINER]:     Done waiting for all views to stop loading
[3.037][FINE]:      Command finished (/session/040750582e0fa7115fdf92c10e3c1ecc/element) with response {
   "sessionId": "040750582e0fa7115fdf92c10e3c1ecc",
   "status": 0,
   "value": {
      "ELEMENT": ":wdc:1368027814107"
   }
}

[3.039][FINE]:      Command received (/session/040750582e0fa7115fdf92c10e3c1ecc/element/:wdc:1368027814107/text)
[3.039][FINER]:     Waiting for all views to stop loading...
[3.039][FINER]:     Done waiting for all views to stop loading
[3.061][FINER]:     Waiting for all views to stop loading...
[3.061][FINER]:     Done waiting for all views to stop loading
[3.061][FINE]:      Command finished (/session/040750582e0fa7115fdf92c10e3c1ecc/element/:wdc:1368027814107/text) with response {
   "sessionId": "040750582e0fa7115fdf92c10e3c1ecc",
   "status": 0,
   "value": "house: name: Doudou, door: width: 1m, height: 2m"
}

[3.066][FINE]:      Command received (/session/040750582e0fa7115fdf92c10e3c1ecc)
[3.131][INFO]:      Chrome shutdown
